\BOOKMARK [0][]{chapter*.1}{Summary \(English\)}{}% 1
\BOOKMARK [0][]{chapter*.2}{Preface}{}% 2
\BOOKMARK [0][]{chapter*.3}{Acknowledgements}{}% 3
\BOOKMARK [0][]{toc.0}{Contents}{}% 4
\BOOKMARK [0][]{chapter*.5}{List of Figures}{}% 5
\BOOKMARK [0][]{chapter.1}{1 Problem Statement and Background}{}% 6
\BOOKMARK [1][]{section.1.1}{1.1 Introduction}{chapter.1}% 7
\BOOKMARK [1][]{section.1.2}{1.2 Background}{chapter.1}% 8
\BOOKMARK [1][]{section.1.3}{1.3 Definitions}{chapter.1}% 9
\BOOKMARK [2][]{subsection.1.3.1}{1.3.1 Privacy}{section.1.3}% 10
\BOOKMARK [2][]{subsection.1.3.2}{1.3.2 Anonymity}{section.1.3}% 11
\BOOKMARK [2][]{subsection.1.3.3}{1.3.3 Pseudonym}{section.1.3}% 12
\BOOKMARK [1][]{section.1.4}{1.4 Case Study}{chapter.1}% 13
\BOOKMARK [2][]{subsection.1.4.1}{1.4.1 Private Customers}{section.1.4}% 14
\BOOKMARK [2][]{subsection.1.4.2}{1.4.2 Corporate Customers}{section.1.4}% 15
\BOOKMARK [1][]{section.1.5}{1.5 Problem}{chapter.1}% 16
\BOOKMARK [0][]{chapter.2}{2 State of the art Survey}{}% 17
\BOOKMARK [1][]{section.2.1}{2.1 Introduction}{chapter.2}% 18
\BOOKMARK [1][]{section.2.2}{2.2 Technologies}{chapter.2}% 19
\BOOKMARK [1][]{section.2.3}{2.3 Secure Multi-Party Computing}{chapter.2}% 20
\BOOKMARK [2][]{subsection.2.3.1}{2.3.1 Homomorphic Encryption}{section.2.3}% 21
\BOOKMARK [2][]{subsection.2.3.2}{2.3.2 Group Signature}{section.2.3}% 22
\BOOKMARK [1][]{section.2.4}{2.4 Escrow Technologies}{chapter.2}% 23
\BOOKMARK [2][]{subsection.2.4.1}{2.4.1 Secure Logging}{section.2.4}% 24
\BOOKMARK [2][]{subsection.2.4.2}{2.4.2 Threshold Cryptography}{section.2.4}% 25
\BOOKMARK [1][]{section.2.5}{2.5 Identity Management Systems}{chapter.2}% 26
\BOOKMARK [2][]{subsection.2.5.1}{2.5.1 OpenID}{section.2.5}% 27
\BOOKMARK [0][]{chapter.3}{3 Application Scenario}{}% 28
\BOOKMARK [1][]{section.3.1}{3.1 Introduction}{chapter.3}% 29
\BOOKMARK [1][]{section.3.2}{3.2 Components}{chapter.3}% 30
\BOOKMARK [0][]{chapter.4}{4 Zero Knowledge based solution}{}% 31
\BOOKMARK [1][]{section.4.1}{4.1 Introduction}{chapter.4}% 32
\BOOKMARK [0][]{chapter.5}{5 IDM based solution}{}% 33
\BOOKMARK [1][]{section.5.1}{5.1 Introduction}{chapter.5}% 34
\BOOKMARK [0][]{chapter.6}{6 Discussion/Analysis of solution}{}% 35
\BOOKMARK [1][]{section.6.1}{6.1 Introduction}{chapter.6}% 36
\BOOKMARK [0][]{chapter.7}{7 Design of Prototype}{}% 37
\BOOKMARK [1][]{section.7.1}{7.1 Introduction}{chapter.7}% 38
\BOOKMARK [0][]{chapter.8}{8 Implementation of Prototype}{}% 39
\BOOKMARK [1][]{section.8.1}{8.1 Introduction}{chapter.8}% 40
\BOOKMARK [0][]{chapter.9}{9 Evaluation of Prototype}{}% 41
\BOOKMARK [1][]{section.9.1}{9.1 Introduction}{chapter.9}% 42
\BOOKMARK [0][]{chapter.10}{10 Conclusion and Future work}{}% 43
\BOOKMARK [1][]{section.10.1}{10.1 Introduction}{chapter.10}% 44
\BOOKMARK [0][]{appendix.A}{A Appendix A}{}% 45
\BOOKMARK [0][]{appendix.A}{Bibliography}{}% 46
\BOOKMARK [0][]{appendix*.8}{Bibliography}{}% 47
